<?xml version="1.0" encoding="UTF-8"?>
<testsuite xmlns:xsi="http://www.w3.org/2001/XMLSchema-instance" xsi:noNamespaceSchemaLocation="https://maven.apache.org/surefire/maven-surefire-plugin/xsd/surefire-test-report.xsd" name="com.ztc.CrmXmApplicationTests" time="4.996" tests="1" errors="0" skipped="0" failures="0">
  <properties>
    <property name="sun.desktop" value="windows"/>
    <property name="awt.toolkit" value="sun.awt.windows.WToolkit"/>
    <property name="file.encoding.pkg" value="sun.io"/>
    <property name="java.specification.version" value="1.8"/>
    <property name="sun.cpu.isalist" value="amd64"/>
    <property name="sun.jnu.encoding" value="GBK"/>
    <property name="java.class.path" value="D:\IDEA代码\crm_xm\target\test-classes;D:\IDEA代码\crm_xm\target\classes;D:\environment\maven\repository\org\springframework\boot\spring-boot-starter-thymeleaf\2.6.4\spring-boot-starter-thymeleaf-2.6.4.jar;D:\environment\maven\repository\org\springframework\boot\spring-boot-starter\2.6.4\spring-boot-starter-2.6.4.jar;D:\environment\maven\repository\org\springframework\boot\spring-boot-starter-logging\2.6.4\spring-boot-starter-logging-2.6.4.jar;D:\environment\maven\repository\ch\qos\logback\logback-classic\1.2.10\logback-classic-1.2.10.jar;D:\environment\maven\repository\ch\qos\logback\logback-core\1.2.10\logback-core-1.2.10.jar;D:\environment\maven\repository\org\apache\logging\log4j\log4j-to-slf4j\2.17.1\log4j-to-slf4j-2.17.1.jar;D:\environment\maven\repository\org\apache\logging\log4j\log4j-api\2.17.1\log4j-api-2.17.1.jar;D:\environment\maven\repository\org\slf4j\jul-to-slf4j\1.7.36\jul-to-slf4j-1.7.36.jar;D:\environment\maven\repository\jakarta\annotation\jakarta.annotation-api\1.3.5\jakarta.annotation-api-1.3.5.jar;D:\environment\maven\repository\org\yaml\snakeyaml\1.29\snakeyaml-1.29.jar;D:\environment\maven\repository\org\thymeleaf\thymeleaf-spring5\3.0.15.RELEASE\thymeleaf-spring5-3.0.15.RELEASE.jar;D:\environment\maven\repository\org\thymeleaf\thymeleaf\3.0.15.RELEASE\thymeleaf-3.0.15.RELEASE.jar;D:\environment\maven\repository\org\attoparser\attoparser\2.0.5.RELEASE\attoparser-2.0.5.RELEASE.jar;D:\environment\maven\repository\org\unbescape\unbescape\1.1.6.RELEASE\unbescape-1.1.6.RELEASE.jar;D:\environment\maven\repository\org\thymeleaf\extras\thymeleaf-extras-java8time\3.0.4.RELEASE\thymeleaf-extras-java8time-3.0.4.RELEASE.jar;D:\environment\maven\repository\org\springframework\boot\spring-boot-starter-web\2.6.4\spring-boot-starter-web-2.6.4.jar;D:\environment\maven\repository\org\springframework\boot\spring-boot-starter-json\2.6.4\spring-boot-starter-json-2.6.4.jar;D:\environment\maven\repository\com\fasterxml\jackson\datatype\jackson-datatype-jdk8\2.13.1\jackson-datatype-jdk8-2.13.1.jar;D:\environment\maven\repository\com\fasterxml\jackson\datatype\jackson-datatype-jsr310\2.13.1\jackson-datatype-jsr310-2.13.1.jar;D:\environment\maven\repository\com\fasterxml\jackson\module\jackson-module-parameter-names\2.13.1\jackson-module-parameter-names-2.13.1.jar;D:\environment\maven\repository\org\springframework\boot\spring-boot-starter-tomcat\2.6.4\spring-boot-starter-tomcat-2.6.4.jar;D:\environment\maven\repository\org\apache\tomcat\embed\tomcat-embed-core\9.0.58\tomcat-embed-core-9.0.58.jar;D:\environment\maven\repository\org\apache\tomcat\embed\tomcat-embed-el\9.0.58\tomcat-embed-el-9.0.58.jar;D:\environment\maven\repository\org\apache\tomcat\embed\tomcat-embed-websocket\9.0.58\tomcat-embed-websocket-9.0.58.jar;D:\environment\maven\repository\org\springframework\spring-web\5.3.16\spring-web-5.3.16.jar;D:\environment\maven\repository\org\springframework\spring-beans\5.3.16\spring-beans-5.3.16.jar;D:\environment\maven\repository\org\springframework\spring-webmvc\5.3.16\spring-webmvc-5.3.16.jar;D:\environment\maven\repository\org\springframework\spring-aop\5.3.16\spring-aop-5.3.16.jar;D:\environment\maven\repository\org\springframework\spring-context\5.3.16\spring-context-5.3.16.jar;D:\environment\maven\repository\org\springframework\spring-expression\5.3.16\spring-expression-5.3.16.jar;D:\environment\maven\repository\org\mybatis\spring\boot\mybatis-spring-boot-starter\2.2.2\mybatis-spring-boot-starter-2.2.2.jar;D:\environment\maven\repository\org\springframework\boot\spring-boot-starter-jdbc\2.6.4\spring-boot-starter-jdbc-2.6.4.jar;D:\environment\maven\repository\com\zaxxer\HikariCP\4.0.3\HikariCP-4.0.3.jar;D:\environment\maven\repository\org\springframework\spring-jdbc\5.3.16\spring-jdbc-5.3.16.jar;D:\environment\maven\repository\org\mybatis\spring\boot\mybatis-spring-boot-autoconfigure\2.2.2\mybatis-spring-boot-autoconfigure-2.2.2.jar;D:\environment\maven\repository\org\mybatis\mybatis\3.5.9\mybatis-3.5.9.jar;D:\environment\maven\repository\org\mybatis\mybatis-spring\2.0.7\mybatis-spring-2.0.7.jar;D:\environment\maven\repository\org\springframework\boot\spring-boot-devtools\2.6.4\spring-boot-devtools-2.6.4.jar;D:\environment\maven\repository\org\springframework\boot\spring-boot\2.6.4\spring-boot-2.6.4.jar;D:\environment\maven\repository\org\springframework\boot\spring-boot-autoconfigure\2.6.4\spring-boot-autoconfigure-2.6.4.jar;D:\environment\maven\repository\mysql\mysql-connector-java\8.0.28\mysql-connector-java-8.0.28.jar;D:\environment\maven\repository\org\projectlombok\lombok\1.18.22\lombok-1.18.22.jar;D:\environment\maven\repository\org\springframework\boot\spring-boot-starter-test\2.6.4\spring-boot-starter-test-2.6.4.jar;D:\environment\maven\repository\org\springframework\boot\spring-boot-test\2.6.4\spring-boot-test-2.6.4.jar;D:\environment\maven\repository\org\springframework\boot\spring-boot-test-autoconfigure\2.6.4\spring-boot-test-autoconfigure-2.6.4.jar;D:\environment\maven\repository\com\jayway\jsonpath\json-path\2.6.0\json-path-2.6.0.jar;D:\environment\maven\repository\net\minidev\json-smart\2.4.8\json-smart-2.4.8.jar;D:\environment\maven\repository\net\minidev\accessors-smart\2.4.8\accessors-smart-2.4.8.jar;D:\environment\maven\repository\jakarta\xml\bind\jakarta.xml.bind-api\2.3.3\jakarta.xml.bind-api-2.3.3.jar;D:\environment\maven\repository\jakarta\activation\jakarta.activation-api\1.2.2\jakarta.activation-api-1.2.2.jar;D:\environment\maven\repository\org\assertj\assertj-core\3.21.0\assertj-core-3.21.0.jar;D:\environment\maven\repository\org\hamcrest\hamcrest\2.2\hamcrest-2.2.jar;D:\environment\maven\repository\org\junit\jupiter\junit-jupiter\5.8.2\junit-jupiter-5.8.2.jar;D:\environment\maven\repository\org\junit\jupiter\junit-jupiter-api\5.8.2\junit-jupiter-api-5.8.2.jar;D:\environment\maven\repository\org\opentest4j\opentest4j\1.2.0\opentest4j-1.2.0.jar;D:\environment\maven\repository\org\junit\platform\junit-platform-commons\1.8.2\junit-platform-commons-1.8.2.jar;D:\environment\maven\repository\org\apiguardian\apiguardian-api\1.1.2\apiguardian-api-1.1.2.jar;D:\environment\maven\repository\org\junit\jupiter\junit-jupiter-params\5.8.2\junit-jupiter-params-5.8.2.jar;D:\environment\maven\repository\org\junit\jupiter\junit-jupiter-engine\5.8.2\junit-jupiter-engine-5.8.2.jar;D:\environment\maven\repository\org\junit\platform\junit-platform-engine\1.8.2\junit-platform-engine-1.8.2.jar;D:\environment\maven\repository\org\mockito\mockito-core\4.0.0\mockito-core-4.0.0.jar;D:\environment\maven\repository\net\bytebuddy\byte-buddy\1.11.22\byte-buddy-1.11.22.jar;D:\environment\maven\repository\net\bytebuddy\byte-buddy-agent\1.11.22\byte-buddy-agent-1.11.22.jar;D:\environment\maven\repository\org\objenesis\objenesis\3.2\objenesis-3.2.jar;D:\environment\maven\repository\org\mockito\mockito-junit-jupiter\4.0.0\mockito-junit-jupiter-4.0.0.jar;D:\environment\maven\repository\org\skyscreamer\jsonassert\1.5.0\jsonassert-1.5.0.jar;D:\environment\maven\repository\com\vaadin\external\google\android-json\0.0.20131108.vaadin1\android-json-0.0.20131108.vaadin1.jar;D:\environment\maven\repository\org\springframework\spring-core\5.3.16\spring-core-5.3.16.jar;D:\environment\maven\repository\org\springframework\spring-jcl\5.3.16\spring-jcl-5.3.16.jar;D:\environment\maven\repository\org\springframework\spring-test\5.3.16\spring-test-5.3.16.jar;D:\environment\maven\repository\org\xmlunit\xmlunit-core\2.8.4\xmlunit-core-2.8.4.jar;D:\environment\maven\repository\com\baomidou\mybatis-plus-boot-starter\3.5.1\mybatis-plus-boot-starter-3.5.1.jar;D:\environment\maven\repository\com\baomidou\mybatis-plus\3.5.1\mybatis-plus-3.5.1.jar;D:\environment\maven\repository\com\baomidou\mybatis-plus-extension\3.5.1\mybatis-plus-extension-3.5.1.jar;D:\environment\maven\repository\com\baomidou\mybatis-plus-core\3.5.1\mybatis-plus-core-3.5.1.jar;D:\environment\maven\repository\com\baomidou\mybatis-plus-annotation\3.5.1\mybatis-plus-annotation-3.5.1.jar;D:\environment\maven\repository\com\github\jsqlparser\jsqlparser\4.3\jsqlparser-4.3.jar;D:\environment\maven\repository\org\apache\shiro\shiro-spring\1.4.0\shiro-spring-1.4.0.jar;D:\environment\maven\repository\org\apache\shiro\shiro-core\1.4.0\shiro-core-1.4.0.jar;D:\environment\maven\repository\org\apache\shiro\shiro-lang\1.4.0\shiro-lang-1.4.0.jar;D:\environment\maven\repository\org\apache\shiro\shiro-cache\1.4.0\shiro-cache-1.4.0.jar;D:\environment\maven\repository\org\apache\shiro\shiro-crypto-hash\1.4.0\shiro-crypto-hash-1.4.0.jar;D:\environment\maven\repository\org\apache\shiro\shiro-crypto-core\1.4.0\shiro-crypto-core-1.4.0.jar;D:\environment\maven\repository\org\apache\shiro\shiro-crypto-cipher\1.4.0\shiro-crypto-cipher-1.4.0.jar;D:\environment\maven\repository\org\apache\shiro\shiro-config-core\1.4.0\shiro-config-core-1.4.0.jar;D:\environment\maven\repository\org\apache\shiro\shiro-config-ogdl\1.4.0\shiro-config-ogdl-1.4.0.jar;D:\environment\maven\repository\commons-beanutils\commons-beanutils\1.9.3\commons-beanutils-1.9.3.jar;D:\environment\maven\repository\commons-collections\commons-collections\3.2.2\commons-collections-3.2.2.jar;D:\environment\maven\repository\org\apache\shiro\shiro-event\1.4.0\shiro-event-1.4.0.jar;D:\environment\maven\repository\org\apache\shiro\shiro-web\1.4.0\shiro-web-1.4.0.jar;D:\environment\maven\repository\org\apache\poi\poi\3.17\poi-3.17.jar;D:\environment\maven\repository\commons-codec\commons-codec\1.15\commons-codec-1.15.jar;D:\environment\maven\repository\org\apache\commons\commons-collections4\4.1\commons-collections4-4.1.jar;D:\environment\maven\repository\org\apache\poi\poi-ooxml\3.17\poi-ooxml-3.17.jar;D:\environment\maven\repository\org\apache\poi\poi-ooxml-schemas\3.17\poi-ooxml-schemas-3.17.jar;D:\environment\maven\repository\org\apache\xmlbeans\xmlbeans\2.6.0\xmlbeans-2.6.0.jar;D:\environment\maven\repository\stax\stax-api\1.0.1\stax-api-1.0.1.jar;D:\environment\maven\repository\com\github\virtuald\curvesapi\1.04\curvesapi-1.04.jar;D:\environment\maven\repository\com\alibaba\easyexcel\2.2.7\easyexcel-2.2.7.jar;D:\environment\maven\repository\cglib\cglib\3.1\cglib-3.1.jar;D:\environment\maven\repository\org\ow2\asm\asm\4.2\asm-4.2.jar;D:\environment\maven\repository\org\slf4j\slf4j-api\1.7.36\slf4j-api-1.7.36.jar;D:\environment\maven\repository\org\ehcache\ehcache\3.9.9\ehcache-3.9.9.jar;D:\environment\maven\repository\org\apache\commons\commons-lang3\3.12.0\commons-lang3-3.12.0.jar;D:\environment\maven\repository\com\alibaba\fastjson\1.2.75\fastjson-1.2.75.jar;D:\environment\maven\repository\com\auth0\java-jwt\3.4.0\java-jwt-3.4.0.jar;D:\environment\maven\repository\com\fasterxml\jackson\core\jackson-databind\2.13.1\jackson-databind-2.13.1.jar;D:\environment\maven\repository\com\fasterxml\jackson\core\jackson-annotations\2.13.1\jackson-annotations-2.13.1.jar;D:\environment\maven\repository\com\fasterxml\jackson\core\jackson-core\2.13.1\jackson-core-2.13.1.jar;D:\environment\maven\repository\org\springframework\boot\spring-boot-starter-data-redis\2.6.4\spring-boot-starter-data-redis-2.6.4.jar;D:\environment\maven\repository\org\springframework\data\spring-data-redis\2.6.2\spring-data-redis-2.6.2.jar;D:\environment\maven\repository\org\springframework\data\spring-data-keyvalue\2.6.2\spring-data-keyvalue-2.6.2.jar;D:\environment\maven\repository\org\springframework\data\spring-data-commons\2.6.2\spring-data-commons-2.6.2.jar;D:\environment\maven\repository\org\springframework\spring-tx\5.3.16\spring-tx-5.3.16.jar;D:\environment\maven\repository\org\springframework\spring-oxm\5.3.16\spring-oxm-5.3.16.jar;D:\environment\maven\repository\org\springframework\spring-context-support\5.3.16\spring-context-support-5.3.16.jar;D:\environment\maven\repository\io\lettuce\lettuce-core\6.1.6.RELEASE\lettuce-core-6.1.6.RELEASE.jar;D:\environment\maven\repository\io\netty\netty-common\4.1.74.Final\netty-common-4.1.74.Final.jar;D:\environment\maven\repository\io\netty\netty-handler\4.1.74.Final\netty-handler-4.1.74.Final.jar;D:\environment\maven\repository\io\netty\netty-resolver\4.1.74.Final\netty-resolver-4.1.74.Final.jar;D:\environment\maven\repository\io\netty\netty-buffer\4.1.74.Final\netty-buffer-4.1.74.Final.jar;D:\environment\maven\repository\io\netty\netty-codec\4.1.74.Final\netty-codec-4.1.74.Final.jar;D:\environment\maven\repository\io\netty\netty-tcnative-classes\2.0.48.Final\netty-tcnative-classes-2.0.48.Final.jar;D:\environment\maven\repository\io\netty\netty-transport\4.1.74.Final\netty-transport-4.1.74.Final.jar;D:\environment\maven\repository\io\projectreactor\reactor-core\3.4.15\reactor-core-3.4.15.jar;D:\environment\maven\repository\org\reactivestreams\reactive-streams\1.0.3\reactive-streams-1.0.3.jar;"/>
    <property name="java.vm.vendor" value="Oracle Corporation"/>
    <property name="sun.arch.data.model" value="64"/>
    <property name="user.variant" value=""/>
    <property name="java.vendor.url" value="http://java.oracle.com/"/>
    <property name="user.timezone" value="Asia/Shanghai"/>
    <property name="java.vm.specification.version" value="1.8"/>
    <property name="os.name" value="Windows 10"/>
    <property name="user.country" value="CN"/>
    <property name="sun.java.launcher" value="SUN_STANDARD"/>
    <property name="sun.boot.library.path" value="D:\environment\jdk8\jre\bin"/>
    <property name="sun.java.command" value="C:\Users\22838\AppData\Local\Temp\surefire4291464874520392357\surefirebooter7210209929123113617.jar C:\Users\22838\AppData\Local\Temp\surefire4291464874520392357 2022-05-13T10-11-26_905-jvmRun1 surefire8514325494656877579tmp surefire_08469149884148102790tmp"/>
    <property name="surefire.test.class.path" value="D:\IDEA代码\crm_xm\target\test-classes;D:\IDEA代码\crm_xm\target\classes;D:\environment\maven\repository\org\springframework\boot\spring-boot-starter-thymeleaf\2.6.4\spring-boot-starter-thymeleaf-2.6.4.jar;D:\environment\maven\repository\org\springframework\boot\spring-boot-starter\2.6.4\spring-boot-starter-2.6.4.jar;D:\environment\maven\repository\org\springframework\boot\spring-boot-starter-logging\2.6.4\spring-boot-starter-logging-2.6.4.jar;D:\environment\maven\repository\ch\qos\logback\logback-classic\1.2.10\logback-classic-1.2.10.jar;D:\environment\maven\repository\ch\qos\logback\logback-core\1.2.10\logback-core-1.2.10.jar;D:\environment\maven\repository\org\apache\logging\log4j\log4j-to-slf4j\2.17.1\log4j-to-slf4j-2.17.1.jar;D:\environment\maven\repository\org\apache\logging\log4j\log4j-api\2.17.1\log4j-api-2.17.1.jar;D:\environment\maven\repository\org\slf4j\jul-to-slf4j\1.7.36\jul-to-slf4j-1.7.36.jar;D:\environment\maven\repository\jakarta\annotation\jakarta.annotation-api\1.3.5\jakarta.annotation-api-1.3.5.jar;D:\environment\maven\repository\org\yaml\snakeyaml\1.29\snakeyaml-1.29.jar;D:\environment\maven\repository\org\thymeleaf\thymeleaf-spring5\3.0.15.RELEASE\thymeleaf-spring5-3.0.15.RELEASE.jar;D:\environment\maven\repository\org\thymeleaf\thymeleaf\3.0.15.RELEASE\thymeleaf-3.0.15.RELEASE.jar;D:\environment\maven\repository\org\attoparser\attoparser\2.0.5.RELEASE\attoparser-2.0.5.RELEASE.jar;D:\environment\maven\repository\org\unbescape\unbescape\1.1.6.RELEASE\unbescape-1.1.6.RELEASE.jar;D:\environment\maven\repository\org\thymeleaf\extras\thymeleaf-extras-java8time\3.0.4.RELEASE\thymeleaf-extras-java8time-3.0.4.RELEASE.jar;D:\environment\maven\repository\org\springframework\boot\spring-boot-starter-web\2.6.4\spring-boot-starter-web-2.6.4.jar;D:\environment\maven\repository\org\springframework\boot\spring-boot-starter-json\2.6.4\spring-boot-starter-json-2.6.4.jar;D:\environment\maven\repository\com\fasterxml\jackson\datatype\jackson-datatype-jdk8\2.13.1\jackson-datatype-jdk8-2.13.1.jar;D:\environment\maven\repository\com\fasterxml\jackson\datatype\jackson-datatype-jsr310\2.13.1\jackson-datatype-jsr310-2.13.1.jar;D:\environment\maven\repository\com\fasterxml\jackson\module\jackson-module-parameter-names\2.13.1\jackson-module-parameter-names-2.13.1.jar;D:\environment\maven\repository\org\springframework\boot\spring-boot-starter-tomcat\2.6.4\spring-boot-starter-tomcat-2.6.4.jar;D:\environment\maven\repository\org\apache\tomcat\embed\tomcat-embed-core\9.0.58\tomcat-embed-core-9.0.58.jar;D:\environment\maven\repository\org\apache\tomcat\embed\tomcat-embed-el\9.0.58\tomcat-embed-el-9.0.58.jar;D:\environment\maven\repository\org\apache\tomcat\embed\tomcat-embed-websocket\9.0.58\tomcat-embed-websocket-9.0.58.jar;D:\environment\maven\repository\org\springframework\spring-web\5.3.16\spring-web-5.3.16.jar;D:\environment\maven\repository\org\springframework\spring-beans\5.3.16\spring-beans-5.3.16.jar;D:\environment\maven\repository\org\springframework\spring-webmvc\5.3.16\spring-webmvc-5.3.16.jar;D:\environment\maven\repository\org\springframework\spring-aop\5.3.16\spring-aop-5.3.16.jar;D:\environment\maven\repository\org\springframework\spring-context\5.3.16\spring-context-5.3.16.jar;D:\environment\maven\repository\org\springframework\spring-expression\5.3.16\spring-expression-5.3.16.jar;D:\environment\maven\repository\org\mybatis\spring\boot\mybatis-spring-boot-starter\2.2.2\mybatis-spring-boot-starter-2.2.2.jar;D:\environment\maven\repository\org\springframework\boot\spring-boot-starter-jdbc\2.6.4\spring-boot-starter-jdbc-2.6.4.jar;D:\environment\maven\repository\com\zaxxer\HikariCP\4.0.3\HikariCP-4.0.3.jar;D:\environment\maven\repository\org\springframework\spring-jdbc\5.3.16\spring-jdbc-5.3.16.jar;D:\environment\maven\repository\org\mybatis\spring\boot\mybatis-spring-boot-autoconfigure\2.2.2\mybatis-spring-boot-autoconfigure-2.2.2.jar;D:\environment\maven\repository\org\mybatis\mybatis\3.5.9\mybatis-3.5.9.jar;D:\environment\maven\repository\org\mybatis\mybatis-spring\2.0.7\mybatis-spring-2.0.7.jar;D:\environment\maven\repository\org\springframework\boot\spring-boot-devtools\2.6.4\spring-boot-devtools-2.6.4.jar;D:\environment\maven\repository\org\springframework\boot\spring-boot\2.6.4\spring-boot-2.6.4.jar;D:\environment\maven\repository\org\springframework\boot\spring-boot-autoconfigure\2.6.4\spring-boot-autoconfigure-2.6.4.jar;D:\environment\maven\repository\mysql\mysql-connector-java\8.0.28\mysql-connector-java-8.0.28.jar;D:\environment\maven\repository\org\projectlombok\lombok\1.18.22\lombok-1.18.22.jar;D:\environment\maven\repository\org\springframework\boot\spring-boot-starter-test\2.6.4\spring-boot-starter-test-2.6.4.jar;D:\environment\maven\repository\org\springframework\boot\spring-boot-test\2.6.4\spring-boot-test-2.6.4.jar;D:\environment\maven\repository\org\springframework\boot\spring-boot-test-autoconfigure\2.6.4\spring-boot-test-autoconfigure-2.6.4.jar;D:\environment\maven\repository\com\jayway\jsonpath\json-path\2.6.0\json-path-2.6.0.jar;D:\environment\maven\repository\net\minidev\json-smart\2.4.8\json-smart-2.4.8.jar;D:\environment\maven\repository\net\minidev\accessors-smart\2.4.8\accessors-smart-2.4.8.jar;D:\environment\maven\repository\jakarta\xml\bind\jakarta.xml.bind-api\2.3.3\jakarta.xml.bind-api-2.3.3.jar;D:\environment\maven\repository\jakarta\activation\jakarta.activation-api\1.2.2\jakarta.activation-api-1.2.2.jar;D:\environment\maven\repository\org\assertj\assertj-core\3.21.0\assertj-core-3.21.0.jar;D:\environment\maven\repository\org\hamcrest\hamcrest\2.2\hamcrest-2.2.jar;D:\environment\maven\repository\org\junit\jupiter\junit-jupiter\5.8.2\junit-jupiter-5.8.2.jar;D:\environment\maven\repository\org\junit\jupiter\junit-jupiter-api\5.8.2\junit-jupiter-api-5.8.2.jar;D:\environment\maven\repository\org\opentest4j\opentest4j\1.2.0\opentest4j-1.2.0.jar;D:\environment\maven\repository\org\junit\platform\junit-platform-commons\1.8.2\junit-platform-commons-1.8.2.jar;D:\environment\maven\repository\org\apiguardian\apiguardian-api\1.1.2\apiguardian-api-1.1.2.jar;D:\environment\maven\repository\org\junit\jupiter\junit-jupiter-params\5.8.2\junit-jupiter-params-5.8.2.jar;D:\environment\maven\repository\org\junit\jupiter\junit-jupiter-engine\5.8.2\junit-jupiter-engine-5.8.2.jar;D:\environment\maven\repository\org\junit\platform\junit-platform-engine\1.8.2\junit-platform-engine-1.8.2.jar;D:\environment\maven\repository\org\mockito\mockito-core\4.0.0\mockito-core-4.0.0.jar;D:\environment\maven\repository\net\bytebuddy\byte-buddy\1.11.22\byte-buddy-1.11.22.jar;D:\environment\maven\repository\net\bytebuddy\byte-buddy-agent\1.11.22\byte-buddy-agent-1.11.22.jar;D:\environment\maven\repository\org\objenesis\objenesis\3.2\objenesis-3.2.jar;D:\environment\maven\repository\org\mockito\mockito-junit-jupiter\4.0.0\mockito-junit-jupiter-4.0.0.jar;D:\environment\maven\repository\org\skyscreamer\jsonassert\1.5.0\jsonassert-1.5.0.jar;D:\environment\maven\repository\com\vaadin\external\google\android-json\0.0.20131108.vaadin1\android-json-0.0.20131108.vaadin1.jar;D:\environment\maven\repository\org\springframework\spring-core\5.3.16\spring-core-5.3.16.jar;D:\environment\maven\repository\org\springframework\spring-jcl\5.3.16\spring-jcl-5.3.16.jar;D:\environment\maven\repository\org\springframework\spring-test\5.3.16\spring-test-5.3.16.jar;D:\environment\maven\repository\org\xmlunit\xmlunit-core\2.8.4\xmlunit-core-2.8.4.jar;D:\environment\maven\repository\com\baomidou\mybatis-plus-boot-starter\3.5.1\mybatis-plus-boot-starter-3.5.1.jar;D:\environment\maven\repository\com\baomidou\mybatis-plus\3.5.1\mybatis-plus-3.5.1.jar;D:\environment\maven\repository\com\baomidou\mybatis-plus-extension\3.5.1\mybatis-plus-extension-3.5.1.jar;D:\environment\maven\repository\com\baomidou\mybatis-plus-core\3.5.1\mybatis-plus-core-3.5.1.jar;D:\environment\maven\repository\com\baomidou\mybatis-plus-annotation\3.5.1\mybatis-plus-annotation-3.5.1.jar;D:\environment\maven\repository\com\github\jsqlparser\jsqlparser\4.3\jsqlparser-4.3.jar;D:\environment\maven\repository\org\apache\shiro\shiro-spring\1.4.0\shiro-spring-1.4.0.jar;D:\environment\maven\repository\org\apache\shiro\shiro-core\1.4.0\shiro-core-1.4.0.jar;D:\environment\maven\repository\org\apache\shiro\shiro-lang\1.4.0\shiro-lang-1.4.0.jar;D:\environment\maven\repository\org\apache\shiro\shiro-cache\1.4.0\shiro-cache-1.4.0.jar;D:\environment\maven\repository\org\apache\shiro\shiro-crypto-hash\1.4.0\shiro-crypto-hash-1.4.0.jar;D:\environment\maven\repository\org\apache\shiro\shiro-crypto-core\1.4.0\shiro-crypto-core-1.4.0.jar;D:\environment\maven\repository\org\apache\shiro\shiro-crypto-cipher\1.4.0\shiro-crypto-cipher-1.4.0.jar;D:\environment\maven\repository\org\apache\shiro\shiro-config-core\1.4.0\shiro-config-core-1.4.0.jar;D:\environment\maven\repository\org\apache\shiro\shiro-config-ogdl\1.4.0\shiro-config-ogdl-1.4.0.jar;D:\environment\maven\repository\commons-beanutils\commons-beanutils\1.9.3\commons-beanutils-1.9.3.jar;D:\environment\maven\repository\commons-collections\commons-collections\3.2.2\commons-collections-3.2.2.jar;D:\environment\maven\repository\org\apache\shiro\shiro-event\1.4.0\shiro-event-1.4.0.jar;D:\environment\maven\repository\org\apache\shiro\shiro-web\1.4.0\shiro-web-1.4.0.jar;D:\environment\maven\repository\org\apache\poi\poi\3.17\poi-3.17.jar;D:\environment\maven\repository\commons-codec\commons-codec\1.15\commons-codec-1.15.jar;D:\environment\maven\repository\org\apache\commons\commons-collections4\4.1\commons-collections4-4.1.jar;D:\environment\maven\repository\org\apache\poi\poi-ooxml\3.17\poi-ooxml-3.17.jar;D:\environment\maven\repository\org\apache\poi\poi-ooxml-schemas\3.17\poi-ooxml-schemas-3.17.jar;D:\environment\maven\repository\org\apache\xmlbeans\xmlbeans\2.6.0\xmlbeans-2.6.0.jar;D:\environment\maven\repository\stax\stax-api\1.0.1\stax-api-1.0.1.jar;D:\environment\maven\repository\com\github\virtuald\curvesapi\1.04\curvesapi-1.04.jar;D:\environment\maven\repository\com\alibaba\easyexcel\2.2.7\easyexcel-2.2.7.jar;D:\environment\maven\repository\cglib\cglib\3.1\cglib-3.1.jar;D:\environment\maven\repository\org\ow2\asm\asm\4.2\asm-4.2.jar;D:\environment\maven\repository\org\slf4j\slf4j-api\1.7.36\slf4j-api-1.7.36.jar;D:\environment\maven\repository\org\ehcache\ehcache\3.9.9\ehcache-3.9.9.jar;D:\environment\maven\repository\org\apache\commons\commons-lang3\3.12.0\commons-lang3-3.12.0.jar;D:\environment\maven\repository\com\alibaba\fastjson\1.2.75\fastjson-1.2.75.jar;D:\environment\maven\repository\com\auth0\java-jwt\3.4.0\java-jwt-3.4.0.jar;D:\environment\maven\repository\com\fasterxml\jackson\core\jackson-databind\2.13.1\jackson-databind-2.13.1.jar;D:\environment\maven\repository\com\fasterxml\jackson\core\jackson-annotations\2.13.1\jackson-annotations-2.13.1.jar;D:\environment\maven\repository\com\fasterxml\jackson\core\jackson-core\2.13.1\jackson-core-2.13.1.jar;D:\environment\maven\repository\org\springframework\boot\spring-boot-starter-data-redis\2.6.4\spring-boot-starter-data-redis-2.6.4.jar;D:\environment\maven\repository\org\springframework\data\spring-data-redis\2.6.2\spring-data-redis-2.6.2.jar;D:\environment\maven\repository\org\springframework\data\spring-data-keyvalue\2.6.2\spring-data-keyvalue-2.6.2.jar;D:\environment\maven\repository\org\springframework\data\spring-data-commons\2.6.2\spring-data-commons-2.6.2.jar;D:\environment\maven\repository\org\springframework\spring-tx\5.3.16\spring-tx-5.3.16.jar;D:\environment\maven\repository\org\springframework\spring-oxm\5.3.16\spring-oxm-5.3.16.jar;D:\environment\maven\repository\org\springframework\spring-context-support\5.3.16\spring-context-support-5.3.16.jar;D:\environment\maven\repository\io\lettuce\lettuce-core\6.1.6.RELEASE\lettuce-core-6.1.6.RELEASE.jar;D:\environment\maven\repository\io\netty\netty-common\4.1.74.Final\netty-common-4.1.74.Final.jar;D:\environment\maven\repository\io\netty\netty-handler\4.1.74.Final\netty-handler-4.1.74.Final.jar;D:\environment\maven\repository\io\netty\netty-resolver\4.1.74.Final\netty-resolver-4.1.74.Final.jar;D:\environment\maven\repository\io\netty\netty-buffer\4.1.74.Final\netty-buffer-4.1.74.Final.jar;D:\environment\maven\repository\io\netty\netty-codec\4.1.74.Final\netty-codec-4.1.74.Final.jar;D:\environment\maven\repository\io\netty\netty-tcnative-classes\2.0.48.Final\netty-tcnative-classes-2.0.48.Final.jar;D:\environment\maven\repository\io\netty\netty-transport\4.1.74.Final\netty-transport-4.1.74.Final.jar;D:\environment\maven\repository\io\projectreactor\reactor-core\3.4.15\reactor-core-3.4.15.jar;D:\environment\maven\repository\org\reactivestreams\reactive-streams\1.0.3\reactive-streams-1.0.3.jar;"/>
    <property name="sun.cpu.endian" value="little"/>
    <property name="user.home" value="C:\Users\22838"/>
    <property name="user.language" value="zh"/>
    <property name="java.specification.vendor" value="Oracle Corporation"/>
    <property name="java.home" value="D:\environment\jdk8\jre"/>
    <property name="basedir" value="D:\IDEA代码\crm_xm"/>
    <property name="file.separator" value="\"/>
    <property name="line.separator" value="&#10;"/>
    <property name="java.vm.specification.vendor" value="Oracle Corporation"/>
    <property name="java.specification.name" value="Java Platform API Specification"/>
    <property name="java.awt.graphicsenv" value="sun.awt.Win32GraphicsEnvironment"/>
    <property name="surefire.real.class.path" value="C:\Users\22838\AppData\Local\Temp\surefire4291464874520392357\surefirebooter7210209929123113617.jar"/>
    <property name="sun.boot.class.path" value="D:\environment\jdk8\jre\lib\resources.jar;D:\environment\jdk8\jre\lib\rt.jar;D:\environment\jdk8\jre\lib\sunrsasign.jar;D:\environment\jdk8\jre\lib\jsse.jar;D:\environment\jdk8\jre\lib\jce.jar;D:\environment\jdk8\jre\lib\charsets.jar;D:\environment\jdk8\jre\lib\jfr.jar;D:\environment\jdk8\jre\classes"/>
    <property name="user.script" value=""/>
    <property name="sun.management.compiler" value="HotSpot 64-Bit Tiered Compilers"/>
    <property name="java.runtime.version" value="1.8.0_301-b09"/>
    <property name="user.name" value="22838"/>
    <property name="path.separator" value=";"/>
    <property name="os.version" value="10.0"/>
    <property name="java.endorsed.dirs" value="D:\environment\jdk8\jre\lib\endorsed"/>
    <property name="java.runtime.name" value="Java(TM) SE Runtime Environment"/>
    <property name="file.encoding" value="GBK"/>
    <property name="java.vm.name" value="Java HotSpot(TM) 64-Bit Server VM"/>
    <property name="localRepository" value="D:\environment\maven\repository"/>
    <property name="java.vendor.url.bug" value="http://bugreport.sun.com/bugreport/"/>
    <property name="java.io.tmpdir" value="C:\Users\22838\AppData\Local\Temp\"/>
    <property name="idea.version" value="2021.3.2"/>
    <property name="java.version" value="1.8.0_301"/>
    <property name="user.dir" value="D:\IDEA代码\crm_xm"/>
    <property name="os.arch" value="amd64"/>
    <property name="java.vm.specification.name" value="Java Virtual Machine Specification"/>
    <property name="java.awt.printerjob" value="sun.awt.windows.WPrinterJob"/>
    <property name="sun.os.patch.level" value=""/>
    <property name="java.library.path" value="D:\environment\jdk8\jre\bin;C:\Windows\Sun\Java\bin;C:\Windows\system32;C:\Windows;C:\Program Files (x86)\Common Files\Oracle\Java\javapath;C:\Windows\system32;C:\Windows;C:\Windows\System32\Wbem;C:\Windows\System32\WindowsPowerShell\v1.0\;C:\Windows\System32\OpenSSH\;C:\Program Files (x86)\NVIDIA Corporation\PhysX\Common;C:\Program Files\NVIDIA Corporation\NVIDIA NvDLISR;C:\Windows\system32;C:\Windows;C:\Windows\System32\Wbem;C:\Windows\System32\WindowsPowerShell\v1.0\;C:\Windows\System32\OpenSSH\;D:\MySQL\mysql\mysql-8.0.28-winx64\bin;D:\environment\jdk8\bin;D:\environment\jdk8\jre\bin;D:\environment\maven\apache-maven-3.8.4\bin;D:\电脑软件\Xshell\;D:\电脑软件\Xftp\;D:\environment\node\node_global;D:\environment\node\NODE\;C:\Users\22838\AppData\Local\Microsoft\WindowsApps;D:\编程工具\新建文件夹\IntelliJ IDEA 2019.2\bin;;;D:\新建文件夹\Microsoft VS Code\bin;C:\Users\22838\AppData\Roaming\npm;."/>
    <property name="java.vm.info" value="mixed mode"/>
    <property name="java.vendor" value="Oracle Corporation"/>
    <property name="java.vm.version" value="25.301-b09"/>
    <property name="java.ext.dirs" value="D:\environment\jdk8\jre\lib\ext;C:\Windows\Sun\Java\lib\ext"/>
    <property name="sun.io.unicode.encoding" value="UnicodeLittle"/>
    <property name="maven.repo.local" value="D:\environment\maven\repository"/>
    <property name="java.class.version" value="52.0"/>
  </properties>
  <testcase name="contextLoads" classname="com.ztc.CrmXmApplicationTests" time="0.235"/>
</testsuite>